build/app/outputs/mapping/release/mapping.txt
# compiler: R8
# compiler_version: 1.5.64
# min_api: 24
# pg_map_id: b540450
...
com.google.android.gms.common.internal.BaseGmsClient$zza -> com.google.android.gms.common.internal.b$f:
    android.os.Bundle zzcr -> e
    int statusCode -> d
    com.google.android.gms.common.internal.BaseGmsClient zzcs -> f
    void zza(com.google.android.gms.common.ConnectionResult) -> a
    void zza(java.lang.Object) -> a
    void zzn() -> c
    boolean zzm() -> e
com.google.android.gms.common.internal.BaseGmsClient$zzb -> com.google.android.gms.common.internal.b$g:
    com.google.android.gms.common.internal.BaseGmsClient zzcs -> a
    void zza(android.os.Message) -> a
    boolean zzb(android.os.Message) -> b
com.google.android.gms.common.internal.BaseGmsClient$zzc -> com.google.android.gms.common.internal.b$h:
    java.lang.Object zzct -> a
    boolean zzcu -> b
    com.google.android.gms.common.internal.BaseGmsClient zzcs -> c
    void removeListener() -> a
    void zza(java.lang.Object) -> a
    void unregister() -> b
    void zzn() -> c
    void zzo() -> d
com.google.android.gms.common.internal.BaseGmsClient$zzd -> com.google.android.gms.common.internal.b$i:
    com.google.android.gms.common.internal.BaseGmsClient zzcv -> a
    int zzcw -> b
    void onPostInitComplete(int,android.os.IBinder,android.os.Bundle) -> a
    void zza(int,android.os.IBinder,com.google.android.gms.common.internal.zzb) -> a
    void zza(int,android.os.Bundle) -> c
com.google.android.gms.common.internal.BaseGmsClient$zze -> com.google.android.gms.common.internal.b$j:
    com.google.android.gms.common.internal.BaseGmsClient zzcs -> b
    int zzcw -> a
com.google.android.gms.common.internal.BaseGmsClient$zzf -> com.google.android.gms.common.internal.b$k:
    android.os.IBinder zzcx -> g
    com.google.android.gms.common.internal.BaseGmsClient zzcs -> h
    void zza(com.google.android.gms.common.ConnectionResult) -> a
    boolean zzm() -> e
com.google.android.gms.common.internal.BaseGmsClient$zzg -> com.google.android.gms.common.internal.b$l:
    com.google.android.gms.common.internal.BaseGmsClient zzcs -> g
    void zza(com.google.android.gms.common.ConnectionResult) -> a
    boolean zzm() -> e
com.google.android.gms.common.internal.ClientIdentity -> com.google.android.gms.common.internal.c:
    int uid -> b
    java.lang.String packageName -> c
com.google.android.gms.common.internal.ClientSettings -> com.google.android.gms.common.internal.d:
    android.accounts.Account zax -> a
    java.lang.String zabw -> f
    java.util.Map zaob -> d
    java.util.Set zaoa -> c
    java.lang.Integer zaod -> h
    java.util.Set zabr -> b
    com.google.android.gms.signin.SignInOptions zaoc -> g
    java.lang.String zabv -> e
    android.accounts.Account getAccount() -> a
    void setClientSessionId(java.lang.Integer) -> a
    android.accounts.Account getAccountOrDefault() -> b
    java.util.Set getAllRequestedScopes() -> c
    java.lang.Integer getClientSessionId() -> d
    java.util.Map getOptionalApiSettings() -> e
    java.lang.String getRealClientClassName() -> f
    java.lang.String getRealClientPackageName() -> g
    java.util.Set getRequiredScopes() -> h
    com.google.android.gms.signin.SignInOptions getSignInOptions() -> i